<?xml version="1.0" encoding="UTF-8"?>
<!-- Generated by org.testng.reporters.JUnitReportReporter -->
<testsuite skipped="0" hostname="nazli" name="com.mycompany.app.AppTest" tests="1" failures="0" timestamp="2022-03-13T13:26:39 EET" time="47.706" errors="0">
  <testcase name="addItemtoCart" time="47.706" classname="com.mycompany.app.AppTest"/>
  <system-out/>
</testsuite> <!-- com.mycompany.app.AppTest -->
